<?xml version="1.0" encoding="UTF-8"?>
<!-- Generated by org.testng.reporters.JUnitReportReporter -->
<testsuite hostname="SANKAPPA" failures="0" tests="2" name="Class2.TestClass7_Verify_TestCases" time="2.280" errors="0" timestamp="2023-11-21T19:38:12 IST" skipped="0">
  <testcase classname="Class2.TestClass7_Verify_TestCases" name="Testcase" time="2.059"/>
  <testcase classname="Class2.TestClass7_Verify_TestCases" name="testHomePageVisibility" time="0.221"/>
</testsuite> <!-- Class2.TestClass7_Verify_TestCases -->
