<?xml version="1.0" encoding="UTF-8"?>
<!-- Generated by org.testng.reporters.JUnitReportReporter -->
<testsuite hostname="SANKAPPA" failures="0" tests="4" name="Class2.TestCase26_SrollUp_Without_Arrow" time="0.491" errors="0" timestamp="2023-11-21T19:29:32 IST" skipped="0">
  <testcase classname="Class2.TestCase26_SrollUp_Without_Arrow" name="Homepage" time="0.125"/>
  <testcase classname="Class2.TestCase26_SrollUp_Without_Arrow" name="scrolljs" time="0.069"/>
  <testcase classname="Class2.TestCase26_SrollUp_Without_Arrow" name="subscriptionverify" time="0.125"/>
  <testcase classname="Class2.TestCase26_SrollUp_Without_Arrow" name="verifyhometext" time="0.172"/>
</testsuite> <!-- Class2.TestCase26_SrollUp_Without_Arrow -->
