<?xml version="1.0" encoding="UTF-8"?>
<!-- Generated by org.testng.reporters.JUnitReportReporter -->
<testsuite hostname="SANKAPPA" failures="0" tests="14" name="Class2.TestCase24_Download_Invoice" time="103.903" errors="0" timestamp="2023-11-21T19:08:47 IST" skipped="0">
  <testcase classname="Class2.TestCase24_Download_Invoice" name="Homepage" time="0.157"/>
  <testcase classname="Class2.TestCase24_Download_Invoice" name="productselect" time="41.432"/>
  <testcase classname="Class2.TestCase24_Download_Invoice" name="productaddtocart" time="10.520"/>
  <testcase classname="Class2.TestCase24_Download_Invoice" name="details1" time="1.965"/>
  <testcase classname="Class2.TestCase24_Download_Invoice" name="details" time="1.253"/>
  <testcase classname="Class2.TestCase24_Download_Invoice" name="buttons" time="0.222"/>
  <testcase classname="Class2.TestCase24_Download_Invoice" name="address" time="12.413"/>
  <testcase classname="Class2.TestCase24_Download_Invoice" name="checkoutitems" time="5.730"/>
  <testcase classname="Class2.TestCase24_Download_Invoice" name="verifysamederliveryaddress" time="0.060"/>
  <testcase classname="Class2.TestCase24_Download_Invoice" name="verifysamebillingaddress" time="0.158"/>
  <testcase classname="Class2.TestCase24_Download_Invoice" name="carddata" time="9.168"/>
  <testcase classname="Class2.TestCase24_Download_Invoice" name="orderconfirmvisible" time="0.154"/>
  <testcase classname="Class2.TestCase24_Download_Invoice" name="invoicedown" time="9.887"/>
  <testcase classname="Class2.TestCase24_Download_Invoice" name="verifylastdetails" time="10.784"/>
</testsuite> <!-- Class2.TestCase24_Download_Invoice -->
