<?xml version="1.0" encoding="UTF-8"?>
<!-- Generated by org.testng.reporters.JUnitReportReporter -->
<testsuite hostname="SANKAPPA" failures="0" tests="4" name="Class2.TestCase21_Addreview_on_product" time="71.700" errors="0" timestamp="2023-11-21T19:06:15 IST" skipped="0">
  <testcase classname="Class2.TestCase21_Addreview_on_product" name="PRODUCTSbutton" time="67.389"/>
  <testcase classname="Class2.TestCase21_Addreview_on_product" name="VERIFYPOLOPRODUCTS" time="3.046"/>
  <testcase classname="Class2.TestCase21_Addreview_on_product" name="verifyreview" time="1.200"/>
  <testcase classname="Class2.TestCase21_Addreview_on_product" name="reviewsuccessmessage" time="0.065"/>
</testsuite> <!-- Class2.TestCase21_Addreview_on_product -->
