<?xml version="1.0" encoding="UTF-8"?>
<!-- Generated by org.testng.reporters.JUnitReportReporter -->
<testsuite hostname="SANKAPPA" failures="0" tests="10" name="Class2.TestCase23_Verifyaddress_detailsin_checkoutpage" time="84.610" errors="0" timestamp="2023-11-21T19:43:01 IST" skipped="0">
  <testcase classname="Class2.TestCase23_Verifyaddress_detailsin_checkoutpage" name="Homepage" time="0.132"/>
  <testcase classname="Class2.TestCase23_Verifyaddress_detailsin_checkoutpage" name="verifysamebillingaddress" time="0.140"/>
  <testcase classname="Class2.TestCase23_Verifyaddress_detailsin_checkoutpage" name="verifylastdetails" time="10.325"/>
  <testcase classname="Class2.TestCase23_Verifyaddress_detailsin_checkoutpage" name="details" time="1.699"/>
  <testcase classname="Class2.TestCase23_Verifyaddress_detailsin_checkoutpage" name="address" time="46.852"/>
  <testcase classname="Class2.TestCase23_Verifyaddress_detailsin_checkoutpage" name="productselect" time="11.021"/>
  <testcase classname="Class2.TestCase23_Verifyaddress_detailsin_checkoutpage" name="verifysamederliveryaddress" time="0.067"/>
  <testcase classname="Class2.TestCase23_Verifyaddress_detailsin_checkoutpage" name="buttons" time="0.234"/>
  <testcase classname="Class2.TestCase23_Verifyaddress_detailsin_checkoutpage" name="productaddtocart" time="9.600"/>
  <testcase classname="Class2.TestCase23_Verifyaddress_detailsin_checkoutpage" name="signuptest" time="4.540"/>
</testsuite> <!-- Class2.TestCase23_Verifyaddress_detailsin_checkoutpage -->
