<?xml version="1.0" encoding="UTF-8"?>
<!-- Generated by org.testng.reporters.JUnitReportReporter -->
<testsuite hostname="SANKAPPA" failures="0" tests="3" name="Class2.TestCase25_SrollUp_Using_Arrow" time="0.916" errors="0" timestamp="2023-11-21T19:28:58 IST" skipped="0">
  <testcase classname="Class2.TestCase25_SrollUp_Using_Arrow" name="Homepage" time="0.159"/>
  <testcase classname="Class2.TestCase25_SrollUp_Using_Arrow" name="scrolljs" time="0.326"/>
  <testcase classname="Class2.TestCase25_SrollUp_Using_Arrow" name="verifyhometext" time="0.431"/>
</testsuite> <!-- Class2.TestCase25_SrollUp_Using_Arrow -->
