<?xml version="1.0" encoding="UTF-8"?>
<!-- Generated by org.testng.reporters.JUnitReportReporter -->
<testsuite hostname="SANKAPPA" failures="0" tests="4" name="Class2.TestClase17_Remove_Products" time="10.831" errors="0" timestamp="2023-11-21T19:27:36 IST" skipped="0">
  <testcase classname="Class2.TestClase17_Remove_Products" name="Homepage" time="0.195"/>
  <testcase classname="Class2.TestClase17_Remove_Products" name="removeverify" time="0.268"/>
  <testcase classname="Class2.TestClase17_Remove_Products" name="productaddtocart" time="10.252"/>
  <testcase classname="Class2.TestClase17_Remove_Products" name="removefromcart" time="0.116"/>
</testsuite> <!-- Class2.TestClase17_Remove_Products -->
