<?xml version="1.0" encoding="UTF-8"?>
<!-- Generated by org.testng.reporters.JUnitReportReporter -->
<testsuite hostname="SANKAPPA" failures="0" tests="5" name="Class2.TestCase18_View_Category_Products" time="11.810" errors="0" timestamp="2023-11-21T20:00:57 IST" skipped="0">
  <testcase classname="Class2.TestCase18_View_Category_Products" name="Homepage" time="5.843"/>
  <testcase classname="Class2.TestCase18_View_Category_Products" name="womenCategories" time="3.053"/>
  <testcase classname="Class2.TestCase18_View_Category_Products" name="womentopscategory" time="0.080"/>
  <testcase classname="Class2.TestCase18_View_Category_Products" name="menCategories" time="2.758"/>
  <testcase classname="Class2.TestCase18_View_Category_Products" name="menjeanscategory" time="0.076"/>
</testsuite> <!-- Class2.TestCase18_View_Category_Products -->
