<?xml version="1.0" encoding="UTF-8"?>
<!-- Generated by org.testng.reporters.JUnitReportReporter -->
<testsuite hostname="SANKAPPA" failures="0" tests="9" name="Class2.TestCase15_Register_BeforleCheckOut" time="43.662" errors="0" timestamp="2023-11-21T19:26:29 IST" skipped="0">
  <testcase classname="Class2.TestCase15_Register_BeforleCheckOut" name="carddata" time="5.977"/>
  <testcase classname="Class2.TestCase15_Register_BeforleCheckOut" name="verifylastdetails" time="11.769"/>
  <testcase classname="Class2.TestCase15_Register_BeforleCheckOut" name="signuptest" time="4.870"/>
  <testcase classname="Class2.TestCase15_Register_BeforleCheckOut" name="details" time="1.607"/>
  <testcase classname="Class2.TestCase15_Register_BeforleCheckOut" name="orderconfirmvisible" time="0.159"/>
  <testcase classname="Class2.TestCase15_Register_BeforleCheckOut" name="productaddtocart" time="7.246"/>
  <testcase classname="Class2.TestCase15_Register_BeforleCheckOut" name="buttons" time="0.327"/>
  <testcase classname="Class2.TestCase15_Register_BeforleCheckOut" name="address" time="11.613"/>
  <testcase classname="Class2.TestCase15_Register_BeforleCheckOut" name="Homepage" time="0.094"/>
</testsuite> <!-- Class2.TestCase15_Register_BeforleCheckOut -->
