<?xml version="1.0" encoding="UTF-8"?>
<!-- Generated by org.testng.reporters.JUnitReportReporter -->
<testsuite hostname="SANKAPPA" failures="0" tests="6" name="Class2.TestCase4_LogoutUSer" time="15.474" errors="0" timestamp="2023-11-21T19:21:03 IST" skipped="0">
  <testcase classname="Class2.TestCase4_LogoutUSer" name="details" time="11.102"/>
  <testcase classname="Class2.TestCase4_LogoutUSer" name="logout" time="1.753"/>
  <testcase classname="Class2.TestCase4_LogoutUSer" name="signup" time="2.078"/>
  <testcase classname="Class2.TestCase4_LogoutUSer" name="loginpage" time="0.195"/>
  <testcase classname="Class2.TestCase4_LogoutUSer" name="testHomePageVisibility" time="0.160"/>
  <testcase classname="Class2.TestCase4_LogoutUSer" name="testloginVisibility" time="0.186"/>
</testsuite> <!-- Class2.TestCase4_LogoutUSer -->
