<?xml version="1.0" encoding="UTF-8"?>
<!-- Generated by org.testng.reporters.JUnitReportReporter -->
<testsuite hostname="SANKAPPA" failures="0" tests="4" name="Class2.TestCase22_Recommended_items" time="2.649" errors="0" timestamp="2023-11-21T19:23:30 IST" skipped="0">
  <testcase classname="Class2.TestCase22_Recommended_items" name="scroll" time="0.106"/>
  <testcase classname="Class2.TestCase22_Recommended_items" name="testrecommendedVisibility" time="0.271"/>
  <testcase classname="Class2.TestCase22_Recommended_items" name="addingtocart" time="2.071"/>
  <testcase classname="Class2.TestCase22_Recommended_items" name="testaddeditemsVisibility" time="0.201"/>
</testsuite> <!-- Class2.TestCase22_Recommended_items -->
