<?xml version="1.0" encoding="UTF-8"?>
<!-- Generated by org.testng.reporters.JUnitReportReporter -->
<testsuite hostname="SANKAPPA" failures="0" tests="3" name="Class2.TestCase11_VerifySubscription_CartPage" time="13.134" errors="0" timestamp="2023-11-21T19:40:42 IST" skipped="0">
  <testcase classname="Class2.TestCase11_VerifySubscription_CartPage" name="testHomePageVisibility" time="10.070"/>
  <testcase classname="Class2.TestCase11_VerifySubscription_CartPage" name="scrolljs" time="2.960"/>
  <testcase classname="Class2.TestCase11_VerifySubscription_CartPage" name="testemailsuccessPageVisibility" time="0.104"/>
</testsuite> <!-- Class2.TestCase11_VerifySubscription_CartPage -->
