<?xml version="1.0" encoding="UTF-8"?>
<!-- Generated by org.testng.reporters.JUnitReportReporter -->
<testsuite hostname="SANKAPPA" failures="0" tests="7" name="Class2.TestCase13_Verify_ProductQuantity" time="57.494" errors="0" timestamp="2023-11-21T19:36:41 IST" skipped="0">
  <testcase classname="Class2.TestCase13_Verify_ProductQuantity" name="testHomePageVisibility" time="48.541"/>
  <testcase classname="Class2.TestCase13_Verify_ProductQuantity" name="productselect" time="4.796"/>
  <testcase classname="Class2.TestCase13_Verify_ProductQuantity" name="testproductdetailsVisibility" time="0.079"/>
  <testcase classname="Class2.TestCase13_Verify_ProductQuantity" name="quantity" time="0.381"/>
  <testcase classname="Class2.TestCase13_Verify_ProductQuantity" name="addcartvisible" time="3.483"/>
  <testcase classname="Class2.TestCase13_Verify_ProductQuantity" name="itemVisibilityincart" time="0.079"/>
  <testcase classname="Class2.TestCase13_Verify_ProductQuantity" name="itemquantityVisibilityincart" time="0.135"/>
</testsuite> <!-- Class2.TestCase13_Verify_ProductQuantity -->
