<?xml version="1.0" encoding="UTF-8"?>
<!-- Generated by org.testng.reporters.JUnitReportReporter -->
<testsuite hostname="SANKAPPA" failures="0" tests="3" name="Class2.TestCase10_Verify_Subscription" time="0.873" errors="0" timestamp="2023-11-21T19:37:37 IST" skipped="0">
  <testcase classname="Class2.TestCase10_Verify_Subscription" name="testHomePageVisibility" time="0.154"/>
  <testcase classname="Class2.TestCase10_Verify_Subscription" name="scrolljs" time="0.564"/>
  <testcase classname="Class2.TestCase10_Verify_Subscription" name="testemailsuccessPageVisibility" time="0.155"/>
</testsuite> <!-- Class2.TestCase10_Verify_Subscription -->
