<?xml version="1.0" encoding="UTF-8"?>
<!-- Generated by org.testng.reporters.JUnitReportReporter -->
<testsuite hostname="SANKAPPA" failures="0" tests="5" name="Class2.TestCase6_Contact_User" time="8.558" errors="0" timestamp="2023-11-21T19:04:30 IST" skipped="0">
  <testcase classname="Class2.TestCase6_Contact_User" name="contactushelp" time="1.846"/>
  <testcase classname="Class2.TestCase6_Contact_User" name="testHomePageVisibility" time="0.175"/>
  <testcase classname="Class2.TestCase6_Contact_User" name="getintouchvisiblity" time="0.079"/>
  <testcase classname="Class2.TestCase6_Contact_User" name="successmessageVisibility" time="5.043"/>
  <testcase classname="Class2.TestCase6_Contact_User" name="detailsinfo" time="1.415"/>
</testsuite> <!-- Class2.TestCase6_Contact_User -->
