<?xml version="1.0" encoding="UTF-8"?>
<!-- Generated by org.testng.reporters.JUnitReportReporter -->
<testsuite hostname="SANKAPPA" failures="0" tests="7" name="Class2.TestCase20_Verify_Cart_After_Login" time="40.542" errors="0" timestamp="2023-11-21T19:34:56 IST" skipped="0">
  <testcase classname="Class2.TestCase20_Verify_Cart_After_Login" name="PRODUCTSbutton" time="7.281"/>
  <testcase classname="Class2.TestCase20_Verify_Cart_After_Login" name="VERIFYPOLOPRODUCTS" time="0.397"/>
  <testcase classname="Class2.TestCase20_Verify_Cart_After_Login" name="productsinput" time="18.551"/>
  <testcase classname="Class2.TestCase20_Verify_Cart_After_Login" name="productssearchverify" time="0.094"/>
  <testcase classname="Class2.TestCase20_Verify_Cart_After_Login" name="Addingitemstocart" time="6.540"/>
  <testcase classname="Class2.TestCase20_Verify_Cart_After_Login" name="logindetails" time="7.596"/>
  <testcase classname="Class2.TestCase20_Verify_Cart_After_Login" name="verifyallitemsincart" time="0.083"/>
</testsuite> <!-- Class2.TestCase20_Verify_Cart_After_Login -->
