<?xml version="1.0" encoding="UTF-8"?>
<!-- Generated by org.testng.reporters.JUnitReportReporter -->
<testsuite hostname="SANKAPPA" failures="0" tests="5" name="Class2.TestCase5_Register_User" time="5.276" errors="0" timestamp="2023-11-21T19:24:32 IST" skipped="0">
  <testcase classname="Class2.TestCase5_Register_User" name="emailalreadyexist" time="0.469"/>
  <testcase classname="Class2.TestCase5_Register_User" name="testHomePageVisibility" time="0.145"/>
  <testcase classname="Class2.TestCase5_Register_User" name="ISNEWUSERSIGNUPVisibility" time="0.186"/>
  <testcase classname="Class2.TestCase5_Register_User" name="details" time="1.920"/>
  <testcase classname="Class2.TestCase5_Register_User" name="signup" time="2.556"/>
</testsuite> <!-- Class2.TestCase5_Register_User -->
